#
# There is insufficient memory for the Java Runtime Environment to continue.
# Native memory allocation (mmap) failed to map 448790528 bytes for committing reserved memory.
# Possible reasons:
#   The system is out of physical RAM or swap space
#   In 32 bit mode, the process size limit was hit
# Possible solutions:
#   Reduce memory load on the system
#   Increase physical memory or swap space
#   Check if swap backing store is full
#   Use 64 bit Java on a 64 bit OS
#   Decrease Java heap size (-Xmx/-Xms)
#   Decrease number of Java threads
#   Decrease Java thread stack sizes (-Xss)
#   Set larger code cache with -XX:ReservedCodeCacheSize=
# This output file may be truncated or incomplete.
#
#  Out of Memory Error (os_linux.cpp:2627), pid=47998, tid=140167267792640
#
# JRE version: Java(TM) SE Runtime Environment (8.0_91-b14) (build 1.8.0_91-b14)
# Java VM: Java HotSpot(TM) 64-Bit Server VM (25.91-b14 mixed mode linux-amd64 compressed oops)
# Failed to write core dump. Core dumps have been disabled. To enable core dumping, try "ulimit -c unlimited" before starting Java again
#

---------------  T H R E A D  ---------------

Current thread (0x00007f7b680de800):  JavaThread "pool-8-thread-2" [_thread_in_vm, id=48543, stack(0x00007f7b3c24b000,0x00007f7b3c34c000)]

Stack: [0x00007f7b3c24b000,0x00007f7b3c34c000],  sp=0x00007f7b3c349f70,  free space=1019k
Native frames: (J=compiled Java code, j=interpreted, Vv=VM code, C=native code)
V  [libjvm.so+0xabc18a]  VMError::report_and_die()+0x2ba
V  [libjvm.so+0x4fafeb]  report_vm_out_of_memory(char const*, int, unsigned long, VMErrorType, char const*)+0x8b
V  [libjvm.so+0x91cbb3]  os::Linux::commit_memory_impl(char*, unsigned long, bool)+0x103
V  [libjvm.so+0x91d109]  os::pd_commit_memory(char*, unsigned long, unsigned long, bool)+0x29
V  [libjvm.so+0x91740a]  os::commit_memory(char*, unsigned long, unsigned long, bool)+0x2a
V  [libjvm.so+0x98b033]  PSVirtualSpace::expand_by(unsigned long)+0x53
V  [libjvm.so+0x97b6e9]  PSOldGen::expand_by(unsigned long)+0x49
V  [libjvm.so+0x97b955]  PSOldGen::expand(unsigned long)+0x1a5
V  [libjvm.so+0x97bbda]  PSOldGen::expand_and_allocate(unsigned long)+0x1a
V  [libjvm.so+0x97bcfb]  PSOldGen::allocate(unsigned long)+0xcb
V  [libjvm.so+0x94056e]  ParallelScavengeHeap::mem_allocate(unsigned long, bool*)+0xfe
V  [libjvm.so+0xa822ce]  TypeArrayKlass::allocate_common(int, bool, Thread*)+0x26e
V  [libjvm.so+0x6811ea]  InterpreterRuntime::newarray(JavaThread*, BasicType, int)+0x2a
j  org.apache.thrift.protocol.TBinaryProtocol.readStringBody(I)Ljava/lang/String;+1
j  org.apache.thrift.protocol.TBinaryProtocol.readMessageBegin()Lorg/apache/thrift/protocol/TMessage;+77
j  org.apache.thrift.TBaseProcessor.process(Lorg/apache/thrift/protocol/TProtocol;Lorg/apache/thrift/protocol/TProtocol;)Z+1
j  org.apache.thrift.server.TThreadPoolServer$WorkerProcess.run()V+151
j  java.util.concurrent.ThreadPoolExecutor.runWorker(Ljava/util/concurrent/ThreadPoolExecutor$Worker;)V+95
j  java.util.concurrent.ThreadPoolExecutor$Worker.run()V+5
j  java.lang.Thread.run()V+11
v  ~StubRoutines::call_stub
V  [libjvm.so+0x68dbc6]  JavaCalls::call_helper(JavaValue*, methodHandle*, JavaCallArguments*, Thread*)+0x1056
V  [libjvm.so+0x68e0d1]  JavaCalls::call_virtual(JavaValue*, KlassHandle, Symbol*, Symbol*, JavaCallArguments*, Thread*)+0x321
V  [libjvm.so+0x68e567]  JavaCalls::call_virtual(JavaValue*, Handle, KlassHandle, Symbol*, Symbol*, Thread*)+0x47
V  [libjvm.so+0x7254b0]  thread_entry(JavaThread*, Thread*)+0xa0
V  [libjvm.so+0xa6b77f]  JavaThread::thread_main_inner()+0xdf
V  [libjvm.so+0xa6b8ac]  JavaThread::run()+0x11c
V  [libjvm.so+0x91ef78]  java_start(Thread*)+0x108
C  [libpthread.so.0+0x8184]  start_thread+0xc4

Java frames: (J=compiled Java code, j=interpreted, Vv=VM code)
j  org.apache.thrift.protocol.TBinaryProtocol.readStringBody(I)Ljava/lang/String;+1
j  org.apache.thrift.protocol.TBinaryProtocol.readMessageBegin()Lorg/apache/thrift/protocol/TMessage;+77
j  org.apache.thrift.TBaseProcessor.process(Lorg/apache/thrift/protocol/TProtocol;Lorg/apache/thrift/protocol/TProtocol;)Z+1
j  org.apache.thrift.server.TThreadPoolServer$WorkerProcess.run()V+151
j  java.util.concurrent.ThreadPoolExecutor.runWorker(Ljava/util/concurrent/ThreadPoolExecutor$Worker;)V+95
j  java.util.concurrent.ThreadPoolExecutor$Worker.run()V+5
j  java.lang.Thread.run()V+11
v  ~StubRoutines::call_stub

---------------  P R O C E S S  ---------------

Java Threads: ( => current thread )
=>0x00007f7b680de800 JavaThread "pool-8-thread-2" [_thread_in_vm, id=48543, stack(0x00007f7b3c24b000,0x00007f7b3c34c000)]
  0x00007f7b68551800 JavaThread "pool-8-thread-1" [_thread_in_native, id=48317, stack(0x00007f7b3c54c000,0x00007f7b3c64d000)]
  0x00007f7b68546000 JavaThread "cluster1-nio-worker-1" [_thread_in_native, id=48036, stack(0x00007f7b3d64e000,0x00007f7b3d74f000)]
  0x0000000000fbe000 JavaThread "threadDeathWatcher-2-1" daemon [_thread_blocked, id=48032, stack(0x00007f7b3e750000,0x00007f7b3e851000)]
  0x0000000000fae000 JavaThread "cluster1-timeouter-0" [_thread_blocked, id=48031, stack(0x00007f7b3e851000,0x00007f7b3e952000)]
  0x00007f7b68515000 JavaThread "cluster1-nio-worker-0" [_thread_in_native, id=48030, stack(0x00007f7b3eb56000,0x00007f7b3ec57000)]
  0x00007f7b68472000 JavaThread "cluster1-scheduled-task-worker-0" [_thread_blocked, id=48028, stack(0x00007f7b3ee57000,0x00007f7b3ef58000)]
  0x00007f7b683d1000 JavaThread "cluster1-connection-reaper-0" [_thread_blocked, id=48027, stack(0x00007f7b3ef58000,0x00007f7b3f059000)]
  0x00007f7b682f2000 JavaThread "kafka-producer-network-thread | producer-1" daemon [_thread_in_native, id=48023, stack(0x00007f7b3f059000,0x00007f7b3f15a000)]
  0x00007f7b6824d800 JavaThread "Monitor Ctrl-Break" daemon [_thread_in_native, id=48022, stack(0x00007f7b3f7bc000,0x00007f7b3f8bd000)]
  0x00007f7b680cd800 JavaThread "Service Thread" daemon [_thread_blocked, id=48020, stack(0x00007f7b3fbfc000,0x00007f7b3fcfd000)]
  0x00007f7b680b8800 JavaThread "C1 CompilerThread1" daemon [_thread_blocked, id=48019, stack(0x00007f7b3fcfd000,0x00007f7b3fdfe000)]
  0x00007f7b680b5800 JavaThread "C2 CompilerThread0" daemon [_thread_blocked, id=48017, stack(0x00007f7b3fdfe000,0x00007f7b3feff000)]
  0x00007f7b680b4000 JavaThread "Signal Dispatcher" daemon [_thread_blocked, id=48015, stack(0x00007f7b3feff000,0x00007f7b40000000)]
  0x00007f7b68081000 JavaThread "Finalizer" daemon [_thread_blocked, id=48010, stack(0x00007f7b54a7a000,0x00007f7b54b7b000)]
  0x00007f7b6807c800 JavaThread "Reference Handler" daemon [_thread_blocked, id=48009, stack(0x00007f7b54b7b000,0x00007f7b54c7c000)]
  0x00007f7b6800b000 JavaThread "main" [_thread_in_native, id=47999, stack(0x00007f7b6de92000,0x00007f7b6df93000)]

Other Threads:
  0x00007f7b68075000 VMThread [stack: 0x00007f7b54c7c000,0x00007f7b54d7d000] [id=48006]
  0x00007f7b680e0000 WatcherThread [stack: 0x00007f7b3fafb000,0x00007f7b3fbfc000] [id=48021]

VM state:not at safepoint (normal execution)

VM Mutex/Monitor currently owned by a thread:  ([mutex/lock_event])
[0x00007f7b68006e30] ExpandHeap_lock - owner thread: 0x00007f7b680de800
[0x00007f7b680079b0] Heap_lock - owner thread: 0x00007f7b680de800

Heap:
 PSYoungGen      total 25088K, used 2952K [0x00000000f1b80000, 0x00000000f5380000, 0x0000000100000000)
  eden space 23552K, 6% used [0x00000000f1b80000,0x00000000f1ce63b0,0x00000000f3280000)
  from space 1536K, 98% used [0x00000000f3280000,0x00000000f33fc010,0x00000000f3400000)
  to   space 5120K, 0% used [0x00000000f4e80000,0x00000000f4e80000,0x00000000f5380000)
 ParOldGen       total 30208K, used 7521K [0x00000000d5200000, 0x00000000d6f80000, 0x00000000f1b80000)
  object space 30208K, 24% used [0x00000000d5200000,0x00000000d59584a0,0x00000000d6f80000)
 Metaspace       used 15008K, capacity 15136K, committed 15232K, reserved 1062912K
  class space    used 1868K, capacity 1912K, committed 1920K, reserved 1048576K

Card table byte_map: [0x00007f7b57a4f000,0x00007f7b57ba7000] byte_map_base: 0x00007f7b573a6000

Marking Bits: (ParMarkBitMap*) 0x00007f7b6d365d60
 Begin Bits: [0x00007f7b561f8000, 0x00007f7b56cb0000)
 End Bits:   [0x00007f7b56cb0000, 0x00007f7b57768000)

Polling page: 0x00007f7b6dfae000

CodeCache: size=245760Kb used=5534Kb max_used=5540Kb free=240225Kb
 bounds [0x00007f7b57f67000, 0x00007f7b584f7000, 0x00007f7b66f67000]
 total_blobs=2099 nmethods=1708 adapters=304
 compilation: enabled

Compilation events (10 events):
Event: 890.594 Thread 0x00007f7b680b5800 1823       4       org.apache.kafka.clients.NetworkClient::handleConnections (57 bytes)
Event: 890.597 Thread 0x00007f7b680b5800 nmethod 1823 0x00007f7b58097550 code [0x00007f7b580976a0, 0x00007f7b580977b8]
Event: 905.353 Thread 0x00007f7b680b8800 1824       3       io.netty.util.internal.PlatformDependent::directBufferAddress (5 bytes)
Event: 905.354 Thread 0x00007f7b680b8800 nmethod 1824 0x00007f7b58252fd0 code [0x00007f7b58253140, 0x00007f7b58253330]
Event: 905.354 Thread 0x00007f7b680b8800 1825       3       io.netty.util.internal.PlatformDependent0::directBufferAddress (8 bytes)
Event: 905.354 Thread 0x00007f7b680b8800 nmethod 1825 0x00007f7b58167f50 code [0x00007f7b581680c0, 0x00007f7b58168250]
Event: 906.534 Thread 0x00007f7b680b8800 1826       3       io.netty.buffer.AbstractByteBuf::writeByte (27 bytes)
Event: 906.534 Thread 0x00007f7b680b8800 nmethod 1826 0x00007f7b58311f10 code [0x00007f7b583120c0, 0x00007f7b583125d8]
Event: 906.534 Thread 0x00007f7b680b8800 1827       3       io.netty.buffer.PooledUnsafeDirectByteBuf::_setByte (11 bytes)
Event: 906.535 Thread 0x00007f7b680b8800 nmethod 1827 0x00007f7b5830c310 code [0x00007f7b5830c480, 0x00007f7b5830c770]

GC Heap History (10 events):
Event: 1.668 GC heap before
{Heap before GC invocations=1 (full 0):
 PSYoungGen      total 13312K, used 11776K [0x00000000f1b80000, 0x00000000f2a00000, 0x0000000100000000)
  eden space 11776K, 100% used [0x00000000f1b80000,0x00000000f2700000,0x00000000f2700000)
  from space 1536K, 0% used [0x00000000f2880000,0x00000000f2880000,0x00000000f2a00000)
  to   space 1536K, 0% used [0x00000000f2700000,0x00000000f2700000,0x00000000f2880000)
 ParOldGen       total 30208K, used 0K [0x00000000d5200000, 0x00000000d6f80000, 0x00000000f1b80000)
  object space 30208K, 0% used [0x00000000d5200000,0x00000000d5200000,0x00000000d6f80000)
 Metaspace       used 6900K, capacity 6992K, committed 7040K, reserved 1056768K
  class space    used 838K, capacity 880K, committed 896K, reserved 1048576K
Event: 1.680 GC heap after
Heap after GC invocations=1 (full 0):
 PSYoungGen      total 13312K, used 1531K [0x00000000f1b80000, 0x00000000f2a00000, 0x0000000100000000)
  eden space 11776K, 0% used [0x00000000f1b80000,0x00000000f1b80000,0x00000000f2700000)
  from space 1536K, 99% used [0x00000000f2700000,0x00000000f287ef68,0x00000000f2880000)
  to   space 1536K, 0% used [0x00000000f2880000,0x00000000f2880000,0x00000000f2a00000)
 ParOldGen       total 30208K, used 900K [0x00000000d5200000, 0x00000000d6f80000, 0x00000000f1b80000)
  object space 30208K, 2% used [0x00000000d5200000,0x00000000d52e1370,0x00000000d6f80000)
 Metaspace       used 6900K, capacity 6992K, committed 7040K, reserved 1056768K
  class space    used 838K, capacity 880K, committed 896K, reserved 1048576K
}
Event: 2.496 GC heap before
{Heap before GC invocations=2 (full 0):
 PSYoungGen      total 13312K, used 13307K [0x00000000f1b80000, 0x00000000f2a00000, 0x0000000100000000)
  eden space 11776K, 100% used [0x00000000f1b80000,0x00000000f2700000,0x00000000f2700000)
  from space 1536K, 99% used [0x00000000f2700000,0x00000000f287ef68,0x00000000f2880000)
  to   space 1536K, 0% used [0x00000000f2880000,0x00000000f2880000,0x00000000f2a00000)
 ParOldGen       total 30208K, used 900K [0x00000000d5200000, 0x00000000d6f80000, 0x00000000f1b80000)
  object space 30208K, 2% used [0x00000000d5200000,0x00000000d52e1370,0x00000000d6f80000)
 Metaspace       used 9235K, capacity 9328K, committed 9472K, reserved 1056768K
  class space    used 1183K, capacity 1232K, committed 1280K, reserved 1048576K
Event: 2.509 GC heap after
Heap after GC invocations=2 (full 0):
 PSYoungGen      total 13312K, used 1536K [0x00000000f1b80000, 0x00000000f3580000, 0x0000000100000000)
  eden space 11776K, 0% used [0x00000000f1b80000,0x00000000f1b80000,0x00000000f2700000)
  from space 1536K, 100% used [0x00000000f2880000,0x00000000f2a00000,0x00000000f2a00000)
  to   space 1536K, 0% used [0x00000000f2700000,0x00000000f2700000,0x00000000f2880000)
 ParOldGen       total 30208K, used 2645K [0x00000000d5200000, 0x00000000d6f80000, 0x00000000f1b80000)
  object space 30208K, 8% used [0x00000000d5200000,0x00000000d54954e8,0x00000000d6f80000)
 Metaspace       used 9235K, capacity 9328K, committed 9472K, reserved 1056768K
  class space    used 1183K, capacity 1232K, committed 1280K, reserved 1048576K
}
Event: 3.321 GC heap before
{Heap before GC invocations=3 (full 0):
 PSYoungGen      total 13312K, used 13312K [0x00000000f1b80000, 0x00000000f3580000, 0x0000000100000000)
  eden space 11776K, 100% used [0x00000000f1b80000,0x00000000f2700000,0x00000000f2700000)
  from space 1536K, 100% used [0x00000000f2880000,0x00000000f2a00000,0x00000000f2a00000)
  to   space 1536K, 0% used [0x00000000f2700000,0x00000000f2700000,0x00000000f2880000)
 ParOldGen       total 30208K, used 2645K [0x00000000d5200000, 0x00000000d6f80000, 0x00000000f1b80000)
  object space 30208K, 8% used [0x00000000d5200000,0x00000000d54954e8,0x00000000d6f80000)
 Metaspace       used 12026K, capacity 12160K, committed 12416K, reserved 1060864K
  class space    used 1557K, capacity 1624K, committed 1664K, reserved 1048576K
Event: 3.366 GC heap after
Heap after GC invocations=3 (full 0):
 PSYoungGen      total 13312K, used 1504K [0x00000000f1b80000, 0x00000000f3580000, 0x0000000100000000)
  eden space 11776K, 0% used [0x00000000f1b80000,0x00000000f1b80000,0x00000000f2700000)
  from space 1536K, 97% used [0x00000000f2700000,0x00000000f2878020,0x00000000f2880000)
  to   space 1536K, 0% used [0x00000000f3400000,0x00000000f3400000,0x00000000f3580000)
 ParOldGen       total 30208K, used 5006K [0x00000000d5200000, 0x00000000d6f80000, 0x00000000f1b80000)
  object space 30208K, 16% used [0x00000000d5200000,0x00000000d56e3840,0x00000000d6f80000)
 Metaspace       used 12026K, capacity 12160K, committed 12416K, reserved 1060864K
  class space    used 1557K, capacity 1624K, committed 1664K, reserved 1048576K
}
Event: 456.087 GC heap before
{Heap before GC invocations=4 (full 0):
 PSYoungGen      total 13312K, used 13280K [0x00000000f1b80000, 0x00000000f3580000, 0x0000000100000000)
  eden space 11776K, 100% used [0x00000000f1b80000,0x00000000f2700000,0x00000000f2700000)
  from space 1536K, 97% used [0x00000000f2700000,0x00000000f2878020,0x00000000f2880000)
  to   space 1536K, 0% used [0x00000000f3400000,0x00000000f3400000,0x00000000f3580000)
 ParOldGen       total 30208K, used 5006K [0x00000000d5200000, 0x00000000d6f80000, 0x00000000f1b80000)
  object space 30208K, 16% used [0x00000000d5200000,0x00000000d56e3840,0x00000000d6f80000)
 Metaspace       used 14430K, capacity 14592K, committed 14720K, reserved 1062912K
  class space    used 1834K, capacity 1880K, committed 1920K, reserved 1048576K
Event: 456.101 GC heap after
Heap after GC invocations=4 (full 0):
 PSYoungGen      total 25088K, used 1536K [0x00000000f1b80000, 0x00000000f3580000, 0x0000000100000000)
  eden space 23552K, 0% used [0x00000000f1b80000,0x00000000f1b80000,0x00000000f3280000)
  from space 1536K, 100% used [0x00000000f3400000,0x00000000f3580000,0x00000000f3580000)
  to   space 1536K, 0% used [0x00000000f3280000,0x00000000f3280000,0x00000000f3400000)
 ParOldGen       total 30208K, used 7242K [0x00000000d5200000, 0x00000000d6f80000, 0x00000000f1b80000)
  object space 30208K, 23% used [0x00000000d5200000,0x00000000d5912868,0x00000000d6f80000)
 Metaspace       used 14430K, capacity 14592K, committed 14720K, reserved 1062912K
  class space    used 1834K, capacity 1880K, committed 1920K, reserved 1048576K
}
Event: 901.668 GC heap before
{Heap before GC invocations=5 (full 0):
 PSYoungGen      total 25088K, used 25088K [0x00000000f1b80000, 0x00000000f3580000, 0x0000000100000000)
  eden space 23552K, 100% used [0x00000000f1b80000,0x00000000f3280000,0x00000000f3280000)
  from space 1536K, 100% used [0x00000000f3400000,0x00000000f3580000,0x00000000f3580000)
  to   space 1536K, 0% used [0x00000000f3280000,0x00000000f3280000,0x00000000f3400000)
 ParOldGen       total 30208K, used 7242K [0x00000000d5200000, 0x00000000d6f80000, 0x00000000f1b80000)
  object space 30208K, 23% used [0x00000000d5200000,0x00000000d5912868,0x00000000d6f80000)
 Metaspace       used 15005K, capacity 15136K, committed 15232K, reserved 1062912K
  class space    used 1868K, capacity 1912K, committed 1920K, reserved 1048576K
Event: 901.677 GC heap after
Heap after GC invocations=5 (full 0):
 PSYoungGen      total 25088K, used 1520K [0x00000000f1b80000, 0x00000000f5380000, 0x0000000100000000)
  eden space 23552K, 0% used [0x00000000f1b80000,0x00000000f1b80000,0x00000000f3280000)
  from space 1536K, 98% used [0x00000000f3280000,0x00000000f33fc010,0x00000000f3400000)
  to   space 5120K, 0% used [0x00000000f4e80000,0x00000000f4e80000,0x00000000f5380000)
 ParOldGen       total 30208K, used 7521K [0x00000000d5200000, 0x00000000d6f80000, 0x00000000f1b80000)
  object space 30208K, 24% used [0x00000000d5200000,0x00000000d59584a0,0x00000000d6f80000)
 Metaspace       used 15005K, capacity 15136K, committed 15232K, reserved 1062912K
  class space    used 1868K, capacity 1912K, committed 1920K, reserved 1048576K
}

Deoptimization events (9 events):
Event: 0.690 Thread 0x00007f7b6800b000 Uncommon trap: reason=unstable_if action=reinterpret pc=0x00007f7b580e0d4c method=java.lang.String.indexOf([CII[CIII)I @ 3
Event: 0.774 Thread 0x00007f7b6800b000 Uncommon trap: reason=unstable_if action=reinterpret pc=0x00007f7b580a3ec4 method=java.lang.String.indexOf(II)I @ 49
Event: 2.721 Thread 0x00007f7b6800b000 Uncommon trap: reason=unstable_if action=reinterpret pc=0x00007f7b58176654 method=java.lang.String.lastIndexOf([CII[CIII)I @ 66
Event: 3.803 Thread 0x00007f7b6800b000 Uncommon trap: reason=range_check action=make_not_entrant pc=0x00007f7b581f1580 method=sun.reflect.generics.parser.SignatureParser.current()C @ 34
Event: 4.563 Thread 0x00007f7b6800b000 Uncommon trap: reason=unstable_if action=reinterpret pc=0x00007f7b5817ab5c method=java.util.HashMap.hash(Ljava/lang/Object;)I @ 1
Event: 841.195 Thread 0x00007f7b682f2000 Uncommon trap: reason=unstable_if action=reinterpret pc=0x00007f7b58072308 method=org.apache.kafka.common.network.Selector.maybeCloseOldestConnection()V @ 9
Event: 841.197 Thread 0x00007f7b682f2000 Uncommon trap: reason=unstable_if action=reinterpret pc=0x00007f7b581c84a8 method=java.util.HashMap.removeNode(ILjava/lang/Object;Ljava/lang/Object;ZZ)Ljava/util/HashMap$Node; @ 34
Event: 841.197 Thread 0x00007f7b682f2000 Uncommon trap: reason=unstable_if action=reinterpret pc=0x00007f7b58459f90 method=org.apache.kafka.common.metrics.stats.SampledStat.current(J)Lorg/apache/kafka/common/metrics/stats/SampledStat$Sample; @ 9
Event: 841.197 Thread 0x00007f7b682f2000 Uncommon trap: reason=unstable_if action=reinterpret pc=0x00007f7b58088c88 method=sun.nio.ch.SelectorImpl.processDeregisterQueue()V @ 15

Internal exceptions (10 events):
Event: 2.611 Thread 0x00007f7b6800b000 Exception <a 'java/lang/ArrayIndexOutOfBoundsException'> (0x00000000f1e3cc60) thrown at [/HUDSON/workspace/8-2-build-linux-amd64/jdk8u91/6644/hotspot/src/share/vm/runtime/sharedRuntime.cpp, line 605]
Event: 2.611 Thread 0x00007f7b6800b000 Exception <a 'java/lang/ArrayIndexOutOfBoundsException'> (0x00000000f1e3dd20) thrown at [/HUDSON/workspace/8-2-build-linux-amd64/jdk8u91/6644/hotspot/src/share/vm/runtime/sharedRuntime.cpp, line 605]
Event: 2.614 Thread 0x00007f7b6800b000 Exception <a 'java/lang/ArrayIndexOutOfBoundsException'> (0x00000000f1e65b20) thrown at [/HUDSON/workspace/8-2-build-linux-amd64/jdk8u91/6644/hotspot/src/share/vm/runtime/sharedRuntime.cpp, line 605]
Event: 2.614 Thread 0x00007f7b6800b000 Exception <a 'java/lang/ArrayIndexOutOfBoundsException'> (0x00000000f1e672c0) thrown at [/HUDSON/workspace/8-2-build-linux-amd64/jdk8u91/6644/hotspot/src/share/vm/runtime/sharedRuntime.cpp, line 605]
Event: 2.615 Thread 0x00007f7b6800b000 Exception <a 'java/lang/ArrayIndexOutOfBoundsException'> (0x00000000f1e6ef20) thrown at [/HUDSON/workspace/8-2-build-linux-amd64/jdk8u91/6644/hotspot/src/share/vm/runtime/sharedRuntime.cpp, line 605]
Event: 2.865 Thread 0x00007f7b6800b000 Exception <a 'java/lang/NoSuchFieldError': method resolution failed> (0x00000000f2213a78) thrown at [/HUDSON/workspace/8-2-build-linux-amd64/jdk8u91/6644/hotspot/src/share/vm/prims/methodHandles.cpp, line 1146]
Event: 2.875 Thread 0x00007f7b6800b000 Exception <a 'java/lang/NoSuchFieldError': method resolution failed> (0x00000000f2221138) thrown at [/HUDSON/workspace/8-2-build-linux-amd64/jdk8u91/6644/hotspot/src/share/vm/prims/methodHandles.cpp, line 1146]
Event: 3.803 Thread 0x00007f7b6800b000 Exception <a 'java/lang/ArrayIndexOutOfBoundsException': 59> (0x00000000f1db52e0) thrown at [/HUDSON/workspace/8-2-build-linux-amd64/jdk8u91/6644/hotspot/src/share/vm/interpreter/interpreterRuntime.cpp, line 366]
Event: 4.563 Thread 0x00007f7b6800b000 Implicit null exception at 0x00007f7b5817a935 to 0x00007f7b5817ab4d
Event: 841.197 Thread 0x00007f7b682f2000 Implicit null exception at 0x00007f7b581c7df7 to 0x00007f7b581c8479

Events (10 events):
Event: 901.677 Executing VM operation: RevokeBias done
Event: 901.677 Executing VM operation: RevokeBias
Event: 901.678 Executing VM operation: RevokeBias done
Event: 901.678 Executing VM operation: RevokeBias
Event: 901.678 Executing VM operation: RevokeBias done
Event: 901.678 Executing VM operation: RevokeBias
Event: 901.678 Executing VM operation: RevokeBias done
Event: 911.577 Thread 0x00007f7b680de800 Thread added: 0x00007f7b680de800
Event: 911.577 Executing VM operation: RevokeBias
Event: 911.577 Executing VM operation: RevokeBias done


Dynamic libraries:
00400000-00401000 r-xp 00000000 fc:00 4861840                            /usr/lib/jvm/java-8-oracle/bin/java
00600000-00601000 rw-p 00000000 fc:00 4861840                            /usr/lib/jvm/java-8-oracle/bin/java
00f90000-00fd2000 rw-p 00000000 00:00 0                                  [heap]
d5200000-d6f80000 rw-p 00000000 00:00 0 
f1b80000-f5380000 rw-p 00000000 00:00 0 
f5380000-100000000 ---p 00000000 00:00 0 
100000000-1001e0000 rw-p 00000000 00:00 0 
1001e0000-140000000 ---p 00000000 00:00 0 
7f7b18000000-7f7b1828d000 rw-p 00000000 00:00 0 
7f7b1828d000-7f7b1c000000 ---p 00000000 00:00 0 
7f7b1c000000-7f7b1c021000 rw-p 00000000 00:00 0 
7f7b1c021000-7f7b20000000 ---p 00000000 00:00 0 
7f7b20000000-7f7b20031000 rw-p 00000000 00:00 0 
7f7b20031000-7f7b24000000 ---p 00000000 00:00 0 
7f7b24000000-7f7b24032000 rw-p 00000000 00:00 0 
7f7b24032000-7f7b28000000 ---p 00000000 00:00 0 
7f7b28000000-7f7b28021000 rw-p 00000000 00:00 0 
7f7b28021000-7f7b2c000000 ---p 00000000 00:00 0 
7f7b2c000000-7f7b2c29a000 rw-p 00000000 00:00 0 
7f7b2c29a000-7f7b30000000 ---p 00000000 00:00 0 
7f7b30000000-7f7b32034000 rw-p 00000000 00:00 0 
7f7b32034000-7f7b34000000 ---p 00000000 00:00 0 
7f7b34000000-7f7b34415000 rw-p 00000000 00:00 0 
7f7b34415000-7f7b38000000 ---p 00000000 00:00 0 
7f7b38000000-7f7b38021000 rw-p 00000000 00:00 0 
7f7b38021000-7f7b3c000000 ---p 00000000 00:00 0 
7f7b3c249000-7f7b3c24b000 rw-p 00000000 00:00 0 
7f7b3c24b000-7f7b3c24e000 ---p 00000000 00:00 0 
7f7b3c24e000-7f7b3c44c000 rw-p 00000000 00:00 0 
7f7b3c44c000-7f7b3c54c000 ---p 00000000 00:00 0 
7f7b3c54c000-7f7b3c54f000 ---p 00000000 00:00 0 
7f7b3c54f000-7f7b3d64e000 rw-p 00000000 00:00 0 
7f7b3d64e000-7f7b3d651000 ---p 00000000 00:00 0 
7f7b3d651000-7f7b3e750000 rw-p 00000000 00:00 0 
7f7b3e750000-7f7b3e753000 ---p 00000000 00:00 0 
7f7b3e753000-7f7b3e851000 rw-p 00000000 00:00 0 
7f7b3e851000-7f7b3e854000 ---p 00000000 00:00 0 
7f7b3e854000-7f7b3eb52000 rw-p 00000000 00:00 0 
7f7b3eb52000-7f7b3eb56000 r--s 00097000 fc:00 5648245                    /usr/lib/jvm/java-8-oracle/jre/lib/jsse.jar
7f7b3eb56000-7f7b3eb59000 ---p 00000000 00:00 0 
7f7b3eb59000-7f7b3ee57000 rw-p 00000000 00:00 0 
7f7b3ee57000-7f7b3ee5a000 ---p 00000000 00:00 0 
7f7b3ee5a000-7f7b3ef58000 rw-p 00000000 00:00 0 
7f7b3ef58000-7f7b3ef5b000 ---p 00000000 00:00 0 
7f7b3ef5b000-7f7b3f059000 rw-p 00000000 00:00 0 
7f7b3f059000-7f7b3f05c000 ---p 00000000 00:00 0 
7f7b3f05c000-7f7b3f15a000 rw-p 00000000 00:00 0 
7f7b3f15a000-7f7b3f16b000 r-xp 00000000 fc:00 5262145                    /usr/lib/jvm/java-8-oracle/jre/lib/amd64/libnio.so
7f7b3f16b000-7f7b3f36a000 ---p 00011000 fc:00 5262145                    /usr/lib/jvm/java-8-oracle/jre/lib/amd64/libnio.so
7f7b3f36a000-7f7b3f36b000 rw-p 00010000 fc:00 5262145                    /usr/lib/jvm/java-8-oracle/jre/lib/amd64/libnio.so
7f7b3f36b000-7f7b3f374000 r-xp 00000000 fc:00 5262125                    /usr/lib/jvm/java-8-oracle/jre/lib/amd64/libmanagement.so
7f7b3f374000-7f7b3f573000 ---p 00009000 fc:00 5262125                    /usr/lib/jvm/java-8-oracle/jre/lib/amd64/libmanagement.so
7f7b3f573000-7f7b3f574000 rw-p 00008000 fc:00 5262125                    /usr/lib/jvm/java-8-oracle/jre/lib/amd64/libmanagement.so
7f7b3f574000-7f7b3f5a5000 rw-p 00000000 00:00 0 
7f7b3f5a5000-7f7b3f5bb000 r-xp 00000000 fc:00 5261782                    /usr/lib/jvm/java-8-oracle/jre/lib/amd64/libnet.so
7f7b3f5bb000-7f7b3f7bb000 ---p 00016000 fc:00 5261782                    /usr/lib/jvm/java-8-oracle/jre/lib/amd64/libnet.so
7f7b3f7bb000-7f7b3f7bc000 rw-p 00016000 fc:00 5261782                    /usr/lib/jvm/java-8-oracle/jre/lib/amd64/libnet.so
7f7b3f7bc000-7f7b3f7bf000 ---p 00000000 00:00 0 
7f7b3f7bf000-7f7b3f8bd000 rw-p 00000000 00:00 0 
7f7b3f8bd000-7f7b3f8be000 r-xp 00000000 fc:00 7612969                    /usr/share/IntelliJ/bin/libbreakgen64.so
7f7b3f8be000-7f7b3fabd000 ---p 00001000 fc:00 7612969                    /usr/share/IntelliJ/bin/libbreakgen64.so
7f7b3fabd000-7f7b3fabe000 r--p 00000000 fc:00 7612969                    /usr/share/IntelliJ/bin/libbreakgen64.so
7f7b3fabe000-7f7b3fabf000 rw-p 00001000 fc:00 7612969                    /usr/share/IntelliJ/bin/libbreakgen64.so
7f7b3fabf000-7f7b3fac1000 r--s 0001e000 fc:00 7613032                    /usr/share/IntelliJ/lib/idea_rt.jar
7f7b3fac1000-7f7b3fac4000 r--s 0008f000 fc:00 5767286                    /home/ricky/Dev/uber/geospatial/java/lib/snappy-java-1.1.1.7.jar
7f7b3fac4000-7f7b3fad0000 r--s 00091000 fc:00 5767219                    /home/ricky/Dev/uber/geospatial/java/lib/kafka-clients-0.9.0.1.jar
7f7b3fad0000-7f7b3fafb000 r--s 001f5000 fc:00 5781955                    /home/ricky/Dev/uber/geospatial/java/lib/guava-16.0.1.jar
7f7b3fafb000-7f7b3fafc000 ---p 00000000 00:00 0 
7f7b3fafc000-7f7b3fbfc000 rw-p 00000000 00:00 0 
7f7b3fbfc000-7f7b3fbff000 ---p 00000000 00:00 0 
7f7b3fbff000-7f7b3fcfd000 rw-p 00000000 00:00 0 
7f7b3fcfd000-7f7b3fd00000 ---p 00000000 00:00 0 
7f7b3fd00000-7f7b3fdfe000 rw-p 00000000 00:00 0 
7f7b3fdfe000-7f7b3fe01000 ---p 00000000 00:00 0 
7f7b3fe01000-7f7b3feff000 rw-p 00000000 00:00 0 
7f7b3feff000-7f7b3ff02000 ---p 00000000 00:00 0 
7f7b3ff02000-7f7b40000000 rw-p 00000000 00:00 0 
7f7b40000000-7f7b40021000 rw-p 00000000 00:00 0 
7f7b40021000-7f7b44000000 ---p 00000000 00:00 0 
7f7b44000000-7f7b44021000 rw-p 00000000 00:00 0 
7f7b44021000-7f7b48000000 ---p 00000000 00:00 0 
7f7b48000000-7f7b48021000 rw-p 00000000 00:00 0 
7f7b48021000-7f7b4c000000 ---p 00000000 00:00 0 
7f7b4c000000-7f7b4c021000 rw-p 00000000 00:00 0 
7f7b4c021000-7f7b50000000 ---p 00000000 00:00 0 
7f7b50000000-7f7b50021000 rw-p 00000000 00:00 0 
7f7b50021000-7f7b54000000 ---p 00000000 00:00 0 
7f7b54000000-7f7b54002000 r--s 00027000 fc:00 5767295                    /home/ricky/Dev/uber/geospatial/java/lib/lz4-1.2.0.jar
7f7b54002000-7f7b54004000 r--s 00006000 fc:00 5767261                    /home/ricky/Dev/uber/geospatial/java/lib/slf4j-api-1.7.6.jar
7f7b54004000-7f7b54006000 r--s 00009000 fc:00 7613060                    /usr/share/IntelliJ/lib/hamcrest-core-1.3.jar
7f7b54006000-7f7b5400e000 r--s 00045000 fc:00 7613099                    /usr/share/IntelliJ/lib/junit-4.12.jar
7f7b5400e000-7f7b54011000 r--s 0001b000 fc:00 7613100                    /usr/share/IntelliJ/lib/junit.jar
7f7b54011000-7f7b54013000 r--s 00006000 fc:00 5781957                    /home/ricky/Dev/uber/geospatial/java/lib/slf4j-api-1.7.7.jar
7f7b54013000-7f7b54017000 r--s 00018000 fc:00 5781956                    /home/ricky/Dev/uber/geospatial/java/lib/metrics-core-3.1.2.jar
7f7b54017000-7f7b5401b000 r--s 00020000 fc:00 5781937                    /home/ricky/Dev/uber/geospatial/java/lib/netty-codec-4.0.33.Final.jar
7f7b5401b000-7f7b54023000 r--s 0004e000 fc:00 5781936                    /home/ricky/Dev/uber/geospatial/java/lib/netty-transport-4.0.33.Final.jar
7f7b54023000-7f7b5402b000 r--s 00064000 fc:00 5781935                    /home/ricky/Dev/uber/geospatial/java/lib/netty-common-4.0.33.Final.jar
7f7b5402b000-7f7b5402f000 r--s 0002d000 fc:00 5781934                    /home/ricky/Dev/uber/geospatial/java/lib/netty-buffer-4.0.33.Final.jar
7f7b5402f000-7f7b54035000 r--s 0003d000 fc:00 5781933                    /home/ricky/Dev/uber/geospatial/java/lib/netty-handler-4.0.33.Final.jar
7f7b54035000-7f7b54046000 r--s 000e4000 fc:00 5779221                    /home/ricky/Dev/uber/geospatial/java/lib/cassandra-driver-core-3.0.2.jar
7f7b54046000-7f7b5404d000 r--s 0003a000 fc:00 5781894                    /home/ricky/Dev/uber/geospatial/java/lib/commons-codec-1.9.jar
7f7b5404d000-7f7b5404f000 r--s 0000e000 fc:00 5781893                    /home/ricky/Dev/uber/geospatial/java/lib/commons-logging-1.2.jar
7f7b5404f000-7f7b54056000 r--s 00048000 fc:00 5781892                    /home/ricky/Dev/uber/geospatial/java/lib/httpcore-4.4.1.jar
7f7b54056000-7f7b54063000 r--s 000a4000 fc:00 5781891                    /home/ricky/Dev/uber/geospatial/java/lib/httpclient-4.4.1.jar
7f7b54063000-7f7b54065000 r--s 00018000 fc:00 5781890                    /home/ricky/Dev/uber/geospatial/java/lib/servlet-api-2.5.jar
7f7b54065000-7f7b5406b000 r--s 00034000 fc:00 5781888                    /home/ricky/Dev/uber/geospatial/java/lib/libthrift-0.9.3.jar
7f7b5406b000-7f7b5407e000 r--s 00344000 fc:00 5648129                    /usr/lib/jvm/java-8-oracle/jre/lib/resources.jar
7f7b5407e000-7f7b54091000 r--s 000d6000 fc:00 5648262                    /usr/lib/jvm/java-8-oracle/jre/lib/plugin.jar
7f7b54091000-7f7b540ac000 r--s 00208000 fc:00 5648170                    /usr/lib/jvm/java-8-oracle/jre/lib/deploy.jar
7f7b540ac000-7f7b54a7a000 r--p 00000000 fc:00 7607017                    /usr/lib/locale/locale-archive
7f7b54a7a000-7f7b54a7d000 ---p 00000000 00:00 0 
7f7b54a7d000-7f7b54b7b000 rw-p 00000000 00:00 0 
7f7b54b7b000-7f7b54b7e000 ---p 00000000 00:00 0 
7f7b54b7e000-7f7b54c7c000 rw-p 00000000 00:00 0 
7f7b54c7c000-7f7b54c7d000 ---p 00000000 00:00 0 
7f7b54c7d000-7f7b556c8000 rw-p 00000000 00:00 0 
7f7b556c8000-7f7b558a1000 r--s 03d1f000 fc:00 5648168                    /usr/lib/jvm/java-8-oracle/jre/lib/rt.jar
7f7b558a1000-7f7b57768000 rw-p 00000000 00:00 0 
7f7b57768000-7f7b57769000 ---p 00000000 00:00 0 
7f7b57769000-7f7b57869000 rw-p 00000000 00:00 0 
7f7b57869000-7f7b5786a000 ---p 00000000 00:00 0 
7f7b5786a000-7f7b57979000 rw-p 00000000 00:00 0 
7f7b57979000-7f7b57a4f000 ---p 00000000 00:00 0 
7f7b57a4f000-7f7b57a5e000 rw-p 00000000 00:00 0 
7f7b57a5e000-7f7b57b33000 ---p 00000000 00:00 0 
7f7b57b33000-7f7b57b50000 rw-p 00000000 00:00 0 
7f7b57b50000-7f7b57ba6000 ---p 00000000 00:00 0 
7f7b57ba6000-7f7b57bbe000 rw-p 00000000 00:00 0 
7f7b57bbe000-7f7b57f67000 ---p 00000000 00:00 0 
7f7b57f67000-7f7b584f7000 rwxp 00000000 00:00 0 
7f7b584f7000-7f7b66f67000 ---p 00000000 00:00 0 
7f7b66f67000-7f7b66f81000 r-xp 00000000 fc:00 5262159                    /usr/lib/jvm/java-8-oracle/jre/lib/amd64/libzip.so
7f7b66f81000-7f7b67181000 ---p 0001a000 fc:00 5262159                    /usr/lib/jvm/java-8-oracle/jre/lib/amd64/libzip.so
7f7b67181000-7f7b67182000 rw-p 0001a000 fc:00 5262159                    /usr/lib/jvm/java-8-oracle/jre/lib/amd64/libzip.so
7f7b67182000-7f7b6718c000 r-xp 00000000 fc:00 7864639                    /lib/x86_64-linux-gnu/libnss_files-2.19.so
7f7b6718c000-7f7b6738b000 ---p 0000a000 fc:00 7864639                    /lib/x86_64-linux-gnu/libnss_files-2.19.so
7f7b6738b000-7f7b6738c000 r--p 00009000 fc:00 7864639                    /lib/x86_64-linux-gnu/libnss_files-2.19.so
7f7b6738c000-7f7b6738d000 rw-p 0000a000 fc:00 7864639                    /lib/x86_64-linux-gnu/libnss_files-2.19.so
7f7b6738d000-7f7b67398000 r-xp 00000000 fc:00 7864631                    /lib/x86_64-linux-gnu/libnss_nis-2.19.so
7f7b67398000-7f7b67597000 ---p 0000b000 fc:00 7864631                    /lib/x86_64-linux-gnu/libnss_nis-2.19.so
7f7b67597000-7f7b67598000 r--p 0000a000 fc:00 7864631                    /lib/x86_64-linux-gnu/libnss_nis-2.19.so
7f7b67598000-7f7b67599000 rw-p 0000b000 fc:00 7864631                    /lib/x86_64-linux-gnu/libnss_nis-2.19.so
7f7b67599000-7f7b675b0000 r-xp 00000000 fc:00 7864502                    /lib/x86_64-linux-gnu/libnsl-2.19.so
7f7b675b0000-7f7b677af000 ---p 00017000 fc:00 7864502                    /lib/x86_64-linux-gnu/libnsl-2.19.so
7f7b677af000-7f7b677b0000 r--p 00016000 fc:00 7864502                    /lib/x86_64-linux-gnu/libnsl-2.19.so
7f7b677b0000-7f7b677b1000 rw-p 00017000 fc:00 7864502                    /lib/x86_64-linux-gnu/libnsl-2.19.so
7f7b677b1000-7f7b677b3000 rw-p 00000000 00:00 0 
7f7b677b3000-7f7b677bc000 r-xp 00000000 fc:00 7864501                    /lib/x86_64-linux-gnu/libnss_compat-2.19.so
7f7b677bc000-7f7b679bb000 ---p 00009000 fc:00 7864501                    /lib/x86_64-linux-gnu/libnss_compat-2.19.so
7f7b679bb000-7f7b679bc000 r--p 00008000 fc:00 7864501                    /lib/x86_64-linux-gnu/libnss_compat-2.19.so
7f7b679bc000-7f7b679bd000 rw-p 00009000 fc:00 7864501                    /lib/x86_64-linux-gnu/libnss_compat-2.19.so
7f7b679bd000-7f7b679e7000 r-xp 00000000 fc:00 5262120                    /usr/lib/jvm/java-8-oracle/jre/lib/amd64/libjava.so
7f7b679e7000-7f7b67be7000 ---p 0002a000 fc:00 5262120                    /usr/lib/jvm/java-8-oracle/jre/lib/amd64/libjava.so
7f7b67be7000-7f7b67be9000 rw-p 0002a000 fc:00 5262120                    /usr/lib/jvm/java-8-oracle/jre/lib/amd64/libjava.so
7f7b67be9000-7f7b67bf6000 r-xp 00000000 fc:00 5261783                    /usr/lib/jvm/java-8-oracle/jre/lib/amd64/libverify.so
7f7b67bf6000-7f7b67df6000 ---p 0000d000 fc:00 5261783                    /usr/lib/jvm/java-8-oracle/jre/lib/amd64/libverify.so
7f7b67df6000-7f7b67df8000 rw-p 0000d000 fc:00 5261783                    /usr/lib/jvm/java-8-oracle/jre/lib/amd64/libverify.so
7f7b67df8000-7f7b67dff000 r-xp 00000000 fc:00 7864635                    /lib/x86_64-linux-gnu/librt-2.19.so
7f7b67dff000-7f7b67ffe000 ---p 00007000 fc:00 7864635                    /lib/x86_64-linux-gnu/librt-2.19.so
7f7b67ffe000-7f7b67fff000 r--p 00006000 fc:00 7864635                    /lib/x86_64-linux-gnu/librt-2.19.so
7f7b67fff000-7f7b68000000 rw-p 00007000 fc:00 7864635                    /lib/x86_64-linux-gnu/librt-2.19.so
7f7b68000000-7f7b686f2000 rw-p 00000000 00:00 0 
7f7b686f2000-7f7b6c000000 ---p 00000000 00:00 0 
7f7b6c000000-7f7b6c001000 r--s 00007000 fc:00 5781889                    /home/ricky/Dev/uber/geospatial/java/lib/slf4j-api-1.7.12.jar
7f7b6c001000-7f7b6c002000 r--s 00000000 fc:00 5648160                    /usr/lib/jvm/java-8-oracle/jre/lib/management-agent.jar
7f7b6c002000-7f7b6c006000 r--s 00097000 fc:00 5648245                    /usr/lib/jvm/java-8-oracle/jre/lib/jsse.jar
7f7b6c006000-7f7b6c008000 r--s 00007000 fc:00 5648117                    /usr/lib/jvm/java-8-oracle/jre/lib/jfxswt.jar
7f7b6c008000-7f7b6c012000 r--s 0006c000 fc:00 5648261                    /usr/lib/jvm/java-8-oracle/jre/lib/javaws.jar
7f7b6c012000-7f7b6c0a9000 rw-p 00000000 00:00 0 
7f7b6c0a9000-7f7b6c1ae000 r-xp 00000000 fc:00 7864496                    /lib/x86_64-linux-gnu/libm-2.19.so
7f7b6c1ae000-7f7b6c3ad000 ---p 00105000 fc:00 7864496                    /lib/x86_64-linux-gnu/libm-2.19.so
7f7b6c3ad000-7f7b6c3ae000 r--p 00104000 fc:00 7864496                    /lib/x86_64-linux-gnu/libm-2.19.so
7f7b6c3ae000-7f7b6c3af000 rw-p 00105000 fc:00 7864496                    /lib/x86_64-linux-gnu/libm-2.19.so
7f7b6c3af000-7f7b6d06f000 r-xp 00000000 fc:00 5262123                    /usr/lib/jvm/java-8-oracle/jre/lib/amd64/server/libjvm.so
7f7b6d06f000-7f7b6d26f000 ---p 00cc0000 fc:00 5262123                    /usr/lib/jvm/java-8-oracle/jre/lib/amd64/server/libjvm.so
7f7b6d26f000-7f7b6d347000 rw-p 00cc0000 fc:00 5262123                    /usr/lib/jvm/java-8-oracle/jre/lib/amd64/server/libjvm.so
7f7b6d347000-7f7b6d392000 rw-p 00000000 00:00 0 
7f7b6d392000-7f7b6d54c000 r-xp 00000000 fc:00 7864636                    /lib/x86_64-linux-gnu/libc-2.19.so
7f7b6d54c000-7f7b6d74c000 ---p 001ba000 fc:00 7864636                    /lib/x86_64-linux-gnu/libc-2.19.so
7f7b6d74c000-7f7b6d750000 r--p 001ba000 fc:00 7864636                    /lib/x86_64-linux-gnu/libc-2.19.so
7f7b6d750000-7f7b6d752000 rw-p 001be000 fc:00 7864636                    /lib/x86_64-linux-gnu/libc-2.19.so
7f7b6d752000-7f7b6d757000 rw-p 00000000 00:00 0 
7f7b6d757000-7f7b6d75a000 r-xp 00000000 fc:00 7864498                    /lib/x86_64-linux-gnu/libdl-2.19.so
7f7b6d75a000-7f7b6d959000 ---p 00003000 fc:00 7864498                    /lib/x86_64-linux-gnu/libdl-2.19.so
7f7b6d959000-7f7b6d95a000 r--p 00002000 fc:00 7864498                    /lib/x86_64-linux-gnu/libdl-2.19.so
7f7b6d95a000-7f7b6d95b000 rw-p 00003000 fc:00 7864498                    /lib/x86_64-linux-gnu/libdl-2.19.so
7f7b6d95b000-7f7b6d970000 r-xp 00000000 fc:00 4861613                    /usr/lib/jvm/java-8-oracle/lib/amd64/jli/libjli.so
7f7b6d970000-7f7b6db70000 ---p 00015000 fc:00 4861613                    /usr/lib/jvm/java-8-oracle/lib/amd64/jli/libjli.so
7f7b6db70000-7f7b6db71000 rw-p 00015000 fc:00 4861613                    /usr/lib/jvm/java-8-oracle/lib/amd64/jli/libjli.so
7f7b6db71000-7f7b6db8a000 r-xp 00000000 fc:00 7864503                    /lib/x86_64-linux-gnu/libpthread-2.19.so
7f7b6db8a000-7f7b6dd89000 ---p 00019000 fc:00 7864503                    /lib/x86_64-linux-gnu/libpthread-2.19.so
7f7b6dd89000-7f7b6dd8a000 r--p 00018000 fc:00 7864503                    /lib/x86_64-linux-gnu/libpthread-2.19.so
7f7b6dd8a000-7f7b6dd8b000 rw-p 00019000 fc:00 7864503                    /lib/x86_64-linux-gnu/libpthread-2.19.so
7f7b6dd8b000-7f7b6dd8f000 rw-p 00000000 00:00 0 
7f7b6dd8f000-7f7b6ddb2000 r-xp 00000000 fc:00 7864629                    /lib/x86_64-linux-gnu/ld-2.19.so
7f7b6ddb2000-7f7b6ddb7000 r--s 00084000 fc:00 5648163                    /usr/lib/jvm/java-8-oracle/jre/lib/jfr.jar
7f7b6ddb7000-7f7b6ddba000 r--s 0001a000 fc:00 5648162                    /usr/lib/jvm/java-8-oracle/jre/lib/jce.jar
7f7b6ddba000-7f7b6ddc0000 r--s 002f8000 fc:00 5648224                    /usr/lib/jvm/java-8-oracle/jre/lib/charsets.jar
7f7b6ddc0000-7f7b6de92000 rw-p 00000000 00:00 0 
7f7b6de92000-7f7b6de95000 ---p 00000000 00:00 0 
7f7b6de95000-7f7b6dfa5000 rw-p 00000000 00:00 0 
7f7b6dfa5000-7f7b6dfad000 rw-s 00000000 fc:00 7995496                    /tmp/hsperfdata_ricky/47998
7f7b6dfad000-7f7b6dfae000 rw-p 00000000 00:00 0 
7f7b6dfae000-7f7b6dfaf000 r--p 00000000 00:00 0 
7f7b6dfaf000-7f7b6dfb1000 rw-p 00000000 00:00 0 
7f7b6dfb1000-7f7b6dfb2000 r--p 00022000 fc:00 7864629                    /lib/x86_64-linux-gnu/ld-2.19.so
7f7b6dfb2000-7f7b6dfb3000 rw-p 00023000 fc:00 7864629                    /lib/x86_64-linux-gnu/ld-2.19.so
7f7b6dfb3000-7f7b6dfb4000 rw-p 00000000 00:00 0 
7ffdce8c8000-7ffdce8ea000 rw-p 00000000 00:00 0                          [stack]
7ffdce96f000-7ffdce971000 r--p 00000000 00:00 0                          [vvar]
7ffdce971000-7ffdce973000 r-xp 00000000 00:00 0                          [vdso]
ffffffffff600000-ffffffffff601000 r-xp 00000000 00:00 0                  [vsyscall]

VM Arguments:
jvm_args: -Didea.launcher.port=7534 -Didea.launcher.bin.path=/usr/share/IntelliJ/bin -Dfile.encoding=UTF-8 
java_command: com.intellij.rt.execution.application.AppMain geospatial.server.GeospatialServer
java_class_path (initial): /usr/lib/jvm/java-8-oracle/jre/lib/charsets.jar:/usr/lib/jvm/java-8-oracle/jre/lib/deploy.jar:/usr/lib/jvm/java-8-oracle/jre/lib/ext/cldrdata.jar:/usr/lib/jvm/java-8-oracle/jre/lib/ext/dnsns.jar:/usr/lib/jvm/java-8-oracle/jre/lib/ext/jaccess.jar:/usr/lib/jvm/java-8-oracle/jre/lib/ext/jfxrt.jar:/usr/lib/jvm/java-8-oracle/jre/lib/ext/localedata.jar:/usr/lib/jvm/java-8-oracle/jre/lib/ext/nashorn.jar:/usr/lib/jvm/java-8-oracle/jre/lib/ext/sunec.jar:/usr/lib/jvm/java-8-oracle/jre/lib/ext/sunjce_provider.jar:/usr/lib/jvm/java-8-oracle/jre/lib/ext/sunpkcs11.jar:/usr/lib/jvm/java-8-oracle/jre/lib/ext/zipfs.jar:/usr/lib/jvm/java-8-oracle/jre/lib/javaws.jar:/usr/lib/jvm/java-8-oracle/jre/lib/jce.jar:/usr/lib/jvm/java-8-oracle/jre/lib/jfr.jar:/usr/lib/jvm/java-8-oracle/jre/lib/jfxswt.jar:/usr/lib/jvm/java-8-oracle/jre/lib/jsse.jar:/usr/lib/jvm/java-8-oracle/jre/lib/management-agent.jar:/usr/lib/jvm/java-8-oracle/jre/lib/plugin.jar:/usr/lib/jvm/java-8-oracle/jre/lib/resources.jar:/usr/lib/jvm/java-8-oracle/jre/lib/rt.jar:/home/ricky/Dev/uber/geospatial/java/out/production/geospatial:/home/ricky/Dev/uber/geospatial/java/lib/libthrift-0.9.3.jar:/home/ricky/Dev/uber/geospatial/java/lib/slf4j-api-1.7.12.jar:/home/ricky/Dev/uber/geospatial/java/lib/servlet-api-2.5.jar:/home/ricky/Dev/uber/geospatial/java/lib/httpclient-4.4.1.jar:/home/ricky/Dev/uber/geospatial/java/lib/httpcore-4.4.1.jar:/home/ricky/Dev/uber/geospatial/java/lib/commons-logging-1.2.jar:/home/ricky/Dev/uber/geospatial/java/lib/commons-codec-1.9.jar:/home/ricky/Dev/uber/geospatial/java/lib/cassandra-driver-core-3.0.2.jar:/home/ricky/Dev/uber/geospatial/java/lib/netty-handler-4.0.33.Final.jar:/home/ricky/Dev/uber/geospatial/java/lib/netty-buffer-4.0.33.Final.jar:/home/ricky/Dev/uber/geospatial/java/lib/netty-common-4.0.33.Final.jar:/home/ricky/Dev/uber/geospatial/java/lib/netty-transport-4.0.33.Final.jar:/home/ricky/Dev/uber/geospatial/java/lib/netty-codec-4.0.33.Final.jar:/home/ricky/Dev/ub
Launcher Type: SUN_STANDARD

Environment Variables:
PATH=/usr/local/sbin:/usr/local/bin:/usr/sbin:/usr/bin:/sbin:/bin:/usr/games:/usr/local/games
LD_LIBRARY_PATH=/usr/share/IntelliJ/bin:
SHELL=/bin/bash
DISPLAY=:0.0

Signal Handlers:
SIGSEGV: [libjvm.so+0xabca10], sa_mask[0]=11111111011111111101111111111110, sa_flags=SA_RESTART|SA_SIGINFO
SIGBUS: [libjvm.so+0xabca10], sa_mask[0]=11111111011111111101111111111110, sa_flags=SA_RESTART|SA_SIGINFO
SIGFPE: [libjvm.so+0x919a20], sa_mask[0]=11111111011111111101111111111110, sa_flags=SA_RESTART|SA_SIGINFO
SIGPIPE: [libjvm.so+0x919a20], sa_mask[0]=11111111011111111101111111111110, sa_flags=SA_RESTART|SA_SIGINFO
SIGXFSZ: [libjvm.so+0x919a20], sa_mask[0]=11111111011111111101111111111110, sa_flags=SA_RESTART|SA_SIGINFO
SIGILL: [libjvm.so+0x919a20], sa_mask[0]=11111111011111111101111111111110, sa_flags=SA_RESTART|SA_SIGINFO
SIGUSR1: SIG_DFL, sa_mask[0]=00000000000000000000000000000000, sa_flags=none
SIGUSR2: [libjvm.so+0x91b050], sa_mask[0]=00100000000000000000000000000000, sa_flags=SA_RESTART|SA_SIGINFO
SIGHUP: [libjvm.so+0x91c450], sa_mask[0]=11111111011111111101111111111110, sa_flags=SA_RESTART|SA_SIGINFO
SIGINT: [libjvm.so+0x91c450], sa_mask[0]=11111111011111111101111111111110, sa_flags=SA_RESTART|SA_SIGINFO
SIGTERM: [libjvm.so+0x91c450], sa_mask[0]=11111111011111111101111111111110, sa_flags=SA_RESTART|SA_SIGINFO
SIGQUIT: [libjvm.so+0x91c450], sa_mask[0]=11111111011111111101111111111110, sa_flags=SA_RESTART|SA_SIGINFO


---------------  S Y S T E M  ---------------

OS:DISTRIB_ID=Ubuntu
DISTRIB_RELEASE=14.04
DISTRIB_CODENAME=trusty
DISTRIB_DESCRIPTION="Ubuntu 14.04.4 LTS"

uname:Linux 4.2.0-36-generic #42~14.04.1-Ubuntu SMP Fri May 13 17:27:22 UTC 2016 x86_64
libc:glibc 2.19 NPTL 2.19 
rlimit: STACK 8192k, CORE 0k, NPROC 10869, NOFILE 4096, AS infinity
load average:0.60 0.82 0.88

/proc/meminfo:
MemTotal:        2805352 kB
MemFree:           21104 kB
MemAvailable:     131644 kB
Buffers:            9280 kB
Cached:            88040 kB
SwapCached:        31256 kB
Active:          2053532 kB
Inactive:         526016 kB
Active(anon):    1988872 kB
Inactive(anon):   498384 kB
Active(file):      64660 kB
Inactive(file):    27632 kB
Unevictable:          32 kB
Mlocked:              32 kB
SwapTotal:       2093052 kB
SwapFree:          13772 kB
Dirty:              1684 kB
Writeback:             0 kB
AnonPages:       2451568 kB
Mapped:            67316 kB
Shmem:              4716 kB
Slab:              90520 kB
SReclaimable:      43040 kB
SUnreclaim:        47480 kB
KernelStack:       14768 kB
PageTables:        40540 kB
NFS_Unstable:          0 kB
Bounce:                0 kB
WritebackTmp:          0 kB
CommitLimit:     3495728 kB
Committed_AS:    7569320 kB
VmallocTotal:   34359738367 kB
VmallocUsed:      194196 kB
VmallocChunk:   34359310332 kB
HardwareCorrupted:     0 kB
AnonHugePages:    389120 kB
CmaTotal:              0 kB
CmaFree:               0 kB
HugePages_Total:       0
HugePages_Free:        0
HugePages_Rsvd:        0
HugePages_Surp:        0
Hugepagesize:       2048 kB
DirectMap4k:      114560 kB
DirectMap2M:     2768896 kB


CPU:total 2 (1 cores per cpu, 1 threads per core) family 6 model 58 stepping 9, cmov, cx8, fxsr, mmx, sse, sse2, sse3, ssse3, sse4.1, sse4.2, popcnt, avx, aes, clmul, erms, tsc, tscinvbit, tscinv

/proc/cpuinfo:
processor	: 0
vendor_id	: GenuineIntel
cpu family	: 6
model		: 58
model name	: Intel(R) Core(TM) i5-3210M CPU @ 2.50GHz
stepping	: 9
microcode	: 0x15
cpu MHz		: 2494.203
cache size	: 3072 KB
physical id	: 0
siblings	: 1
core id		: 0
cpu cores	: 1
apicid		: 0
initial apicid	: 0
fpu		: yes
fpu_exception	: yes
cpuid level	: 13
wp		: yes
flags		: fpu vme de pse tsc msr pae mce cx8 apic sep mtrr pge mca cmov pat pse36 clflush dts mmx fxsr sse sse2 ss syscall nx rdtscp lm constant_tsc arch_perfmon pebs bts nopl xtopology tsc_reliable nonstop_tsc aperfmperf pni pclmulqdq ssse3 cx16 pcid sse4_1 sse4_2 x2apic popcnt tsc_deadline_timer aes xsave avx f16c rdrand hypervisor lahf_lm ida arat epb pln pts dtherm fsgsbase tsc_adjust smep
bugs		:
bogomips	: 4988.40
clflush size	: 64
cache_alignment	: 64
address sizes	: 42 bits physical, 48 bits virtual
power management:

processor	: 1
vendor_id	: GenuineIntel
cpu family	: 6
model		: 58
model name	: Intel(R) Core(TM) i5-3210M CPU @ 2.50GHz
stepping	: 9
microcode	: 0x15
cpu MHz		: 2494.203
cache size	: 3072 KB
physical id	: 2
siblings	: 1
core id		: 0
cpu cores	: 1
apicid		: 2
initial apicid	: 2
fpu		: yes
fpu_exception	: yes
cpuid level	: 13
wp		: yes
flags		: fpu vme de pse tsc msr pae mce cx8 apic sep mtrr pge mca cmov pat pse36 clflush dts mmx fxsr sse sse2 ss syscall nx rdtscp lm constant_tsc arch_perfmon pebs bts nopl xtopology tsc_reliable nonstop_tsc aperfmperf pni pclmulqdq ssse3 cx16 pcid sse4_1 sse4_2 x2apic popcnt tsc_deadline_timer aes xsave avx f16c rdrand hypervisor lahf_lm ida arat epb pln pts dtherm fsgsbase tsc_adjust smep
bugs		:
bogomips	: 4988.40
clflush size	: 64
cache_alignment	: 64
address sizes	: 42 bits physical, 48 bits virtual
power management:



Memory: 4k page, physical 2805352k(21504k free), swap 2093052k(13536k free)

vm_info: Java HotSpot(TM) 64-Bit Server VM (25.91-b14) for linux-amd64 JRE (1.8.0_91-b14), built on Apr  1 2016 00:57:21 by "java_re" with gcc 4.3.0 20080428 (Red Hat 4.3.0-8)

time: Sun Jun  5 11:24:09 2016
elapsed time: 911 seconds (0d 0h 15m 11s)

